[themeforest.net/item/simone-personal-portfolio-react-template/42757507.html]
[public-assets.envato-static.com/assets/market/core/datadog-6e0a82e33e89d2ccc3d24ebc9398c846d30049b1335f6d4e7500b311f94439be.js]
[public-assets.envato-static.com/assets/market/core/rollbar-bfaf1c79ce5359e6718bdde712def50123e5da2474554f90e1e60ad641648ec6.js]
[themeforest.img.customer.envatousercontent.com/files/446694334/preview/preview.__large_previewd07e.jpg]
[public-assets.envato-static.com/assets/generated_sprites/logos-20f56d7ae7a08da2c6698db678490c591ce302aedb1fcd05d3ad1e1484d3caf9.png]
[public-assets.envato-static.com/assets/generated_sprites/common-5af54247f3a645893af51456ee4c483f6530608e9c15ca4a8ac5a6e994d9a340.png]
[backblue.gif]
[fade.gif]
[index.html]
[public-assets.envato-static.com/icons/themeforest.net/apple-touch-icon-72x72-precomposed.png]
[public-assets.envato-static.com/icons/themeforest.net/apple-touch-icon-114x114-precomposed.png]
[public-assets.envato-static.com/icons/themeforest.net/apple-touch-icon-144x144-precomposed.png]
[public-assets.envato-static.com/icons/themeforest.net/apple-touch-icon-precomposed.png]
[public-assets.envato-static.com/assets/market/core/index-84b1df7c847243ae607f480f1ed55d6b29d251943dc6d0c411adf774d6b01b6a.css]
[public-assets.envato-static.com/assets/market/pages/default/index-967e2f3a9895844cc6cf140d97f02e36ce0082588b4841d9a4bb0e2a930b33bf.css]
[public-assets.envato-static.com/assets/market/core/head-1a1964adfe7b3397d7ca350551eb4d538950c83f6f127d7d9283f6161a30e565.js]
[public-assets.envato-static.com/assets/common/transparent-1px-1f61547480c17dc67dd9a6c38545a5911cc4a8024f6f3c0992e7c1c81fb37578.png]
[public-assets.envato-static.com/assets/header/items-collage-ca34048d7b4c10945a5a4a8d60c14d7cce1429ed7a80c86a6c8fc7ee4566c102.jpg]
[themeforest.net/item/simone-personal-portfolio-react-template/reviews/42757507.html]
[themeforest.net/item/simone-personal-portfolio-react-template/42757507/comments.html]
[themeforest.net/item/simone-personal-portfolio-react-template/42757507/support.html]
[s3.envato.com/files/446694332/thumb.jpg]
[public-assets.envato-static.com/assets/market/core/index-be620ef58bbe7d7ec81575cfa11a1892527a6f8f76ef9744ba0a160e54c274c9.js]
[public-assets.envato-static.com/assets/market/pages/default/index-75001380379e500fd6c4da1d886b178731fcac2bd882e672dd3a2a031a4ef30d.js]
[public-assets.envato-static.com/assets/market/core/lazyload-8fece1937c7ee353a3c8c4228e4aec926ed4638a910fa8a119e3be2145a2dac7.js]
[public-assets.envato-static.com/assets/market/core/standardised_google_analytics_helpers-3bc54d0cbac28acaf9e49915490168f52bb9b8bea5d35f6edabb67a686a83af4.js]
[consent.cookiebot.com/uc.js]
[themeforest.net/item/simone-personal-portfolio-react-template/linkid.js]
[www.google-analytics.com/analytics.js]
[themeforest.net/item/simone-personal-portfolio-react-template/42757507.html]
[public-assets.envato-static.com/assets/common/pagination_loader-ccdae013a8bbb92cbd0d52d6e1db2fea8a05b335a67409822029a16505e9adb5.gif]
[public-assets.envato-static.com/assets/common/input-validation__pending-eda46ca6b1d93ee958f6291dcffb19f26970274b1a3405d86e6194d9486f330b.gif]
[public-assets.envato-static.com/assets/generated_sprites/logos_2x-e385160dbd01e36a8d63d91938791184292305a2df166640baee0f7be3c9b481.png]
[public-assets.envato-static.com/assets/community-research/bg-community-research-b8a71218af174a3ae434a3f085b1de4466416b2af9b6915620830121b5a93ad7.jpg]
[public-assets.envato-static.com/assets/badges/bg-badges-6eebf349b6d8ee7ced4be440ca5e67d25ec10f8dcc1ecff89b1614b32bc13e40.jpg]
[public-assets.envato-static.com/assets/common/bg-page-section--light-df7df4ee3302cefd79e92f8178eed1e5d4e535f3b5450288dcc05ba63bfbe904.png]
[public-assets.envato-static.com/assets/common/bg-page-section-a07ab97ca4070e5b25b36ca4d0f246eb1c7ed28403482e573fac8b14dcd2c112.png]
[public-assets.envato-static.com/assets/market/core/index-84b1df7c847243ae607f480f1ed55d6b29d251943dc6d0c411adf774d6b01b6a.css]
[public-assets.envato-static.com/assets/homepage_banner-2f27e5e7bc49b0d27874d2780405656df3dc3165c3af8f67b17db02b8f3660f4.jpg]
[public-assets.envato-static.com/assets/common/small_loader-c10617fc93d9927b6ee25472fa7e3b9dc50ec6541af04dfa0acfcbca9338e79e.gif]
[public-assets.envato-static.com/assets/upload_icons/loading-40b3fa240d6110584d960ab42709b732da4cdcf9a0ebbada2eac6ec62c6d5589.gif]
[public-assets.envato-static.com/assets/upload_icons/ok-eeeeafda72aa861f7971ae20fae275d2526936792e6314c8f414eb7d08e0fc6d.png]
[public-assets.envato-static.com/assets/upload_icons/transit-b7d142c94072c8dabf73cba8b62708e64594634f836b42102f6940686b302b3f.png]
[public-assets.envato-static.com/assets/wordpress-hosting/banner_background-da1b9b0562a9dce09ff9f5a5486c29f5254f1277085a4ae57d682a474e67b144.jpg]
[public-assets.envato-static.com/assets/earnings-page/blueskies@2x-db3024d4bdd6f4ee90fc510b3bb2615c445c2d35b8ee5eaec2b5705f2f01bad0.png]
[public-assets.envato-static.com/assets/earnings-page/spacedata@2x-f9e705a99310b2156ca3851320291c5b88f1bdf1a4507368c632cb733a712861.png]
[public-assets.envato-static.com/assets/earnings-page/caveman@2x-87989dc113b31eea9fde169f7acaec88ffd11c4412b9ff8dea0e0936b81c39af.png]
[public-assets.envato-static.com/assets/common/icons-buttons/warning-b3cc41aec0313ab548b76821ddbeb11fb683276d6c6fcda231d2c7f354be87bd.png]
[public-assets.envato-static.com/assets/fancybox/fancybox_sprite-95641a3e1c130816c8ed2ededffbf5df4c74658914da2124df2e34f89513707c.png]
[public-assets.envato-static.com/assets/fancybox/fancybox_loading-4084d1397c6cb05715de996ff5cd4f7bebcb9c2b365b99ebe5f55d77fe6329ab.gif]
[public-assets.envato-static.com/assets/fancybox/blank-6e8ddbcd39cdd88619bd7ad9a69323b8a52b7fd13728152c49f9ce73671b705e.gif]
[public-assets.envato-static.com/assets/fancybox/fancybox_overlay-416ea0168151a94471c5eb980a02969b0b4be90203bc2e3cb9a1899c3f979a01.png]
[public-assets.envato-static.com/assets/fancybox/fancybox_sprite@2x-2eba1ab393d42ca60d838f0945d25995c3c1e2085e837b48e7740dd7405e4068.png]
[public-assets.envato-static.com/assets/fancybox/fancybox_loading@2x-81f54099406cdfb7aa953f0f761cb33e15a0348842e811c02e48a21f57f02b62.gif]
[public-assets.envato-static.com/assets/market/pages/default/index-967e2f3a9895844cc6cf140d97f02e36ce0082588b4841d9a4bb0e2a930b33bf.css]
[themeforest.net/item/simone-personal-portfolio-react-template/reviews/42757507.html]
[themeforest.net/item/simone-personal-portfolio-react-template/42757507/comments.html]
[themeforest.net/item/simone-personal-portfolio-react-template/42757507/support.html]
[themeforest.net/item/simone-personal-portfolio-react-template/linkid.js]
[www.googletagmanager.com/gtm5445.html]
[public-assets.envato-static.com/images/down.png]
